{
  "contracts/EnzymeAdapter.sol": {
    "l": { "18": 0, "19": 0, "20": 0, "30": 0, "37": 0, "38": 0, "47": 0 },
    "path": "/home/kanpizza/Documents/Sertis/Exponent/protocol/contracts/EnzymeAdapter.sol",
    "s": { "1": 0, "2": 0, "3": 0, "4": 0, "5": 0, "6": 0, "7": 0 },
    "b": {},
    "f": { "1": 0, "2": 0 },
    "fnMap": {
      "1": {
        "name": "constructor",
        "line": 13,
        "loc": {
          "start": { "line": 13, "column": 4 },
          "end": { "line": 21, "column": 4 }
        }
      },
      "2": {
        "name": "submitTrade",
        "line": 29,
        "loc": {
          "start": { "line": 23, "column": 4 },
          "end": { "line": 48, "column": 4 }
        }
      }
    },
    "statementMap": {
      "1": {
        "start": { "line": 18, "column": 8 },
        "end": { "line": 18, "column": 33 }
      },
      "2": {
        "start": { "line": 19, "column": 8 },
        "end": { "line": 19, "column": 47 }
      },
      "3": {
        "start": { "line": 20, "column": 8 },
        "end": { "line": 20, "column": 39 }
      },
      "4": {
        "start": { "line": 30, "column": 8 },
        "end": { "line": 30, "column": 889 }
      },
      "5": {
        "start": { "line": 37, "column": 8 },
        "end": { "line": 37, "column": 78 }
      },
      "6": {
        "start": { "line": 38, "column": 8 },
        "end": { "line": 38, "column": 1166 }
      },
      "7": {
        "start": { "line": 47, "column": 8 },
        "end": { "line": 47, "column": 22 }
      }
    },
    "branchMap": {}
  },
  "contracts/interface/AggregatorV3Interface.sol": {
    "l": {},
    "path": "/home/kanpizza/Documents/Sertis/Exponent/protocol/contracts/interface/AggregatorV3Interface.sol",
    "s": {},
    "b": {},
    "f": {},
    "fnMap": {},
    "statementMap": {},
    "branchMap": {}
  },
  "contracts/interface/enzyme/IComptroller.sol": {
    "l": {},
    "path": "/home/kanpizza/Documents/Sertis/Exponent/protocol/contracts/interface/enzyme/IComptroller.sol",
    "s": {},
    "b": {},
    "f": {},
    "fnMap": {},
    "statementMap": {},
    "branchMap": {}
  },
  "contracts/interface/enzyme/IFundDeployer.sol": {
    "l": {},
    "path": "/home/kanpizza/Documents/Sertis/Exponent/protocol/contracts/interface/enzyme/IFundDeployer.sol",
    "s": {},
    "b": {},
    "f": {},
    "fnMap": {},
    "statementMap": {},
    "branchMap": {}
  },
  "contracts/interface/enzyme/IIntegrationManager.sol": {
    "l": {},
    "path": "/home/kanpizza/Documents/Sertis/Exponent/protocol/contracts/interface/enzyme/IIntegrationManager.sol",
    "s": {},
    "b": {},
    "f": {},
    "fnMap": {},
    "statementMap": {},
    "branchMap": {}
  },
  "contracts/interface/enzyme/IShares.sol": {
    "l": {},
    "path": "/home/kanpizza/Documents/Sertis/Exponent/protocol/contracts/interface/enzyme/IShares.sol",
    "s": {},
    "b": {},
    "f": {},
    "fnMap": {},
    "statementMap": {},
    "branchMap": {}
  },
  "contracts/interface/enzyme/ITrackedAssetManager.sol": {
    "l": {},
    "path": "/home/kanpizza/Documents/Sertis/Exponent/protocol/contracts/interface/enzyme/ITrackedAssetManager.sol",
    "s": {},
    "b": {},
    "f": {},
    "fnMap": {},
    "statementMap": {},
    "branchMap": {}
  },
  "contracts/interface/IAssetManagerAdapter.sol": {
    "l": {},
    "path": "/home/kanpizza/Documents/Sertis/Exponent/protocol/contracts/interface/IAssetManagerAdapter.sol",
    "s": {},
    "b": {},
    "f": {},
    "fnMap": {},
    "statementMap": {},
    "branchMap": {}
  },
  "contracts/interface/ISignal.sol": {
    "l": {},
    "path": "/home/kanpizza/Documents/Sertis/Exponent/protocol/contracts/interface/ISignal.sol",
    "s": {},
    "b": {},
    "f": {},
    "fnMap": {},
    "statementMap": {},
    "branchMap": {}
  },
  "contracts/interface/IXPN.sol": {
    "l": {},
    "path": "/home/kanpizza/Documents/Sertis/Exponent/protocol/contracts/interface/IXPN.sol",
    "s": {},
    "b": {},
    "f": {},
    "fnMap": {},
    "statementMap": {},
    "branchMap": {}
  },
  "contracts/LPToken.sol": {
    "l": { "17": 8, "25": 3 },
    "path": "/home/kanpizza/Documents/Sertis/Exponent/protocol/contracts/LPToken.sol",
    "s": { "1": 8, "2": 3 },
    "b": {},
    "f": { "1": 42, "2": 8, "3": 3 },
    "fnMap": {
      "1": {
        "name": "constructor",
        "line": 9,
        "loc": {
          "start": { "line": 8, "column": 4 },
          "end": { "line": 10, "column": 5 }
        }
      },
      "2": {
        "name": "mint",
        "line": 16,
        "loc": {
          "start": { "line": 16, "column": 4 },
          "end": { "line": 18, "column": 4 }
        }
      },
      "3": {
        "name": "burn",
        "line": 24,
        "loc": {
          "start": { "line": 24, "column": 4 },
          "end": { "line": 26, "column": 4 }
        }
      }
    },
    "statementMap": {
      "1": {
        "start": { "line": 17, "column": 8 },
        "end": { "line": 17, "column": 30 }
      },
      "2": {
        "start": { "line": 25, "column": 8 },
        "end": { "line": 25, "column": 28 }
      }
    },
    "branchMap": {}
  },
  "contracts/Signal.sol": {
    "l": { "10": 0 },
    "path": "/home/kanpizza/Documents/Sertis/Exponent/protocol/contracts/Signal.sol",
    "s": { "1": 0 },
    "b": {},
    "f": { "1": 0 },
    "fnMap": {
      "1": {
        "name": "_verifyBalanceAfterSettled",
        "line": 6,
        "loc": {
          "start": { "line": 6, "column": 4 },
          "end": { "line": 11, "column": 4 }
        }
      }
    },
    "statementMap": {
      "1": {
        "start": { "line": 10, "column": 8 },
        "end": { "line": 10, "column": 19 }
      }
    },
    "branchMap": {}
  },
  "contracts/XPNCore.sol": {
    "l": {},
    "path": "/home/kanpizza/Documents/Sertis/Exponent/protocol/contracts/XPNCore.sol",
    "s": {},
    "b": {},
    "f": { "1": 0, "2": 0, "3": 0, "4": 0, "5": 0 },
    "fnMap": {
      "1": {
        "name": "constructor",
        "line": 9,
        "loc": {
          "start": { "line": 9, "column": 4 },
          "end": { "line": 9, "column": 19 }
        }
      },
      "2": {
        "name": "deposit",
        "line": 11,
        "loc": {
          "start": { "line": 11, "column": 4 },
          "end": { "line": 13, "column": 4 }
        }
      },
      "3": {
        "name": "withdraw",
        "line": 15,
        "loc": {
          "start": { "line": 15, "column": 4 },
          "end": { "line": 17, "column": 4 }
        }
      },
      "4": {
        "name": "submitSignal",
        "line": 19,
        "loc": {
          "start": { "line": 19, "column": 4 },
          "end": { "line": 25, "column": 4 }
        }
      },
      "5": {
        "name": "settle",
        "line": 27,
        "loc": {
          "start": { "line": 27, "column": 4 },
          "end": { "line": 43, "column": 4 }
        }
      }
    },
    "statementMap": {},
    "branchMap": {}
  },
  "contracts/XPNPortfolio.sol": {
    "l": {
      "28": 8,
      "31": 8,
      "33": 8,
      "48": 0,
      "49": 0,
      "50": 0,
      "54": 0,
      "68": 11,
      "79": 7,
      "90": 5,
      "105": 2,
      "117": 1,
      "124": 3,
      "137": 2,
      "142": 4,
      "143": 4,
      "144": 4,
      "145": 4,
      "147": 4,
      "148": 4,
      "152": 4
    },
    "path": "/home/kanpizza/Documents/Sertis/Exponent/protocol/contracts/XPNPortfolio.sol",
    "s": {
      "1": 8,
      "2": 8,
      "3": 8,
      "4": 0,
      "5": 0,
      "6": 0,
      "7": 0,
      "8": 11,
      "9": 7,
      "10": 5,
      "11": 2,
      "12": 1,
      "13": 3,
      "14": 2,
      "15": 4,
      "16": 4,
      "17": 4,
      "18": 4,
      "19": 4,
      "20": 4
    },
    "b": { "1": [8, 0], "2": [1, 3] },
    "f": {
      "1": 8,
      "2": 0,
      "3": 0,
      "4": 0,
      "5": 11,
      "6": 7,
      "7": 5,
      "8": 2,
      "9": 1,
      "10": 3,
      "11": 2,
      "12": 4
    },
    "fnMap": {
      "1": {
        "name": "_setSignal",
        "line": 25,
        "loc": {
          "start": { "line": 25, "column": 4 },
          "end": { "line": 34, "column": 4 }
        }
      },
      "2": {
        "name": "_getVaultAddress",
        "line": 36,
        "loc": {
          "start": { "line": 36, "column": 4 },
          "end": { "line": 36, "column": 73 }
        }
      },
      "3": {
        "name": "_viewPortfolioToken",
        "line": 38,
        "loc": {
          "start": { "line": 38, "column": 4 },
          "end": { "line": 55, "column": 4 }
        }
      },
      "4": {
        "name": "_getTokensPrice",
        "line": 57,
        "loc": {
          "start": { "line": 57, "column": 4 },
          "end": { "line": 61, "column": 4 }
        }
      },
      "5": {
        "name": "_viewPortfolioMixValue",
        "line": 63,
        "loc": {
          "start": { "line": 63, "column": 4 },
          "end": { "line": 69, "column": 4 }
        }
      },
      "6": {
        "name": "_viewPortfolioAllocation",
        "line": 71,
        "loc": {
          "start": { "line": 71, "column": 4 },
          "end": { "line": 80, "column": 4 }
        }
      },
      "7": {
        "name": "_signalPortfolioDiffAllocation",
        "line": 82,
        "loc": {
          "start": { "line": 82, "column": 4 },
          "end": { "line": 94, "column": 4 }
        }
      },
      "8": {
        "name": "_signalPortfolioDiffValue",
        "line": 96,
        "loc": {
          "start": { "line": 96, "column": 4 },
          "end": { "line": 106, "column": 4 }
        }
      },
      "9": {
        "name": "_signalPortfolioDiffToken",
        "line": 108,
        "loc": {
          "start": { "line": 108, "column": 4 },
          "end": { "line": 118, "column": 4 }
        }
      },
      "10": {
        "name": "_portfolioValue",
        "line": 120,
        "loc": {
          "start": { "line": 120, "column": 4 },
          "end": { "line": 125, "column": 4 }
        }
      },
      "11": {
        "name": "_signalPortfolioDiffPercent",
        "line": 127,
        "loc": {
          "start": { "line": 127, "column": 4 },
          "end": { "line": 138, "column": 4 }
        }
      },
      "12": {
        "name": "ensureTrade",
        "line": 140,
        "loc": {
          "start": { "line": 140, "column": 4 },
          "end": { "line": 156, "column": 4 }
        }
      }
    },
    "statementMap": {
      "1": {
        "start": { "line": 28, "column": 8 },
        "end": { "line": 28, "column": 46 }
      },
      "2": {
        "start": { "line": 31, "column": 8 },
        "end": { "line": 31, "column": 20 }
      },
      "3": {
        "start": { "line": 33, "column": 8 },
        "end": { "line": 33, "column": 31 }
      },
      "4": {
        "start": { "line": 48, "column": 8 },
        "end": { "line": 48, "column": 66 }
      },
      "5": {
        "start": { "line": 49, "column": 8 },
        "end": { "line": 49, "column": 1464 }
      },
      "6": {
        "start": { "line": 50, "column": 12 },
        "end": { "line": 50, "column": 1532 }
      },
      "7": {
        "start": { "line": 54, "column": 8 },
        "end": { "line": 54, "column": 21 }
      },
      "8": {
        "start": { "line": 68, "column": 8 },
        "end": { "line": 68, "column": 70 }
      },
      "9": {
        "start": { "line": 79, "column": 8 },
        "end": { "line": 79, "column": 51 }
      },
      "10": {
        "start": { "line": 90, "column": 8 },
        "end": { "line": 90, "column": 2593 }
      },
      "11": {
        "start": { "line": 105, "column": 8 },
        "end": { "line": 105, "column": 78 }
      },
      "12": {
        "start": { "line": 117, "column": 8 },
        "end": { "line": 117, "column": 76 }
      },
      "13": {
        "start": { "line": 124, "column": 8 },
        "end": { "line": 124, "column": 45 }
      },
      "14": {
        "start": { "line": 137, "column": 8 },
        "end": { "line": 137, "column": 63 }
      },
      "15": {
        "start": { "line": 142, "column": 8 },
        "end": { "line": 142, "column": 48 }
      },
      "16": {
        "start": { "line": 143, "column": 8 },
        "end": { "line": 143, "column": 63 }
      },
      "17": {
        "start": { "line": 145, "column": 8 },
        "end": { "line": 145, "column": 4227 }
      },
      "18": {
        "start": { "line": 147, "column": 8 },
        "end": { "line": 147, "column": 60 }
      },
      "19": {
        "start": { "line": 148, "column": 8 },
        "end": { "line": 148, "column": 4375 }
      },
      "20": {
        "start": { "line": 152, "column": 8 },
        "end": { "line": 152, "column": 4474 }
      }
    },
    "branchMap": {
      "1": {
        "line": 31,
        "type": "if",
        "locations": [
          {
            "start": { "line": 31, "column": 8 },
            "end": { "line": 31, "column": 8 }
          },
          {
            "start": { "line": 31, "column": 8 },
            "end": { "line": 31, "column": 8 }
          }
        ]
      },
      "2": {
        "line": 152,
        "type": "if",
        "locations": [
          {
            "start": { "line": 152, "column": 8 },
            "end": { "line": 152, "column": 8 }
          },
          {
            "start": { "line": 152, "column": 8 },
            "end": { "line": 152, "column": 8 }
          }
        ]
      }
    }
  },
  "contracts/XPNSettlement.sol": {
    "l": { "16": 4, "17": 4, "21": 3, "22": 5, "23": 5, "25": 2, "26": 2 },
    "path": "/home/kanpizza/Documents/Sertis/Exponent/protocol/contracts/XPNSettlement.sol",
    "s": { "1": 4, "2": 4, "3": 3, "4": 5, "5": 5, "6": 2, "7": 2 },
    "b": { "1": [3, 1], "2": [4, 1] },
    "f": { "1": 4, "2": 0 },
    "fnMap": {
      "1": {
        "name": "submitTradeOrders",
        "line": 12,
        "loc": {
          "start": { "line": 12, "column": 4 },
          "end": { "line": 27, "column": 4 }
        }
      },
      "2": {
        "name": "_submitTrade",
        "line": 29,
        "loc": {
          "start": { "line": 29, "column": 4 },
          "end": { "line": 33, "column": 5 }
        }
      }
    },
    "statementMap": {
      "1": {
        "start": { "line": 16, "column": 8 },
        "end": { "line": 16, "column": 45 }
      },
      "2": {
        "start": { "line": 17, "column": 8 },
        "end": { "line": 17, "column": 643 }
      },
      "3": {
        "start": { "line": 21, "column": 8 },
        "end": { "line": 21, "column": 787 }
      },
      "4": {
        "start": { "line": 22, "column": 12 },
        "end": { "line": 22, "column": 63 }
      },
      "5": {
        "start": { "line": 23, "column": 12 },
        "end": { "line": 23, "column": 71 }
      },
      "6": {
        "start": { "line": 25, "column": 8 },
        "end": { "line": 25, "column": 60 }
      },
      "7": {
        "start": { "line": 26, "column": 8 },
        "end": { "line": 26, "column": 19 }
      }
    },
    "branchMap": {
      "1": {
        "line": 17,
        "type": "if",
        "locations": [
          {
            "start": { "line": 17, "column": 8 },
            "end": { "line": 17, "column": 8 }
          },
          {
            "start": { "line": 17, "column": 8 },
            "end": { "line": 17, "column": 8 }
          }
        ]
      },
      "2": {
        "line": 23,
        "type": "if",
        "locations": [
          {
            "start": { "line": 23, "column": 12 },
            "end": { "line": 23, "column": 12 }
          },
          {
            "start": { "line": 23, "column": 12 },
            "end": { "line": 23, "column": 12 }
          }
        ]
      }
    }
  },
  "contracts/XPNSignalCore.sol": {
    "l": {
      "34": 33,
      "35": 33,
      "36": 33,
      "37": 33,
      "38": 33,
      "39": 33,
      "40": 99,
      "43": 99,
      "44": 99,
      "53": 0,
      "54": 0,
      "55": 0,
      "56": 0,
      "72": 9,
      "73": 1,
      "75": 9,
      "76": 9,
      "79": 9,
      "81": 9,
      "82": 9,
      "84": 9,
      "85": 9,
      "86": 9,
      "93": 2,
      "94": 2,
      "95": 2,
      "96": 2,
      "103": 1,
      "110": 0,
      "117": 3,
      "124": 4,
      "137": 0,
      "144": 0,
      "145": 0,
      "146": 0,
      "148": 0,
      "156": 11,
      "163": 7,
      "174": 5,
      "183": 2,
      "191": 1,
      "198": 3,
      "210": 2
    },
    "path": "/home/kanpizza/Documents/Sertis/Exponent/protocol/contracts/XPNSignalCore.sol",
    "s": {
      "1": 33,
      "2": 33,
      "3": 33,
      "4": 33,
      "5": 33,
      "6": 33,
      "7": 99,
      "8": 99,
      "9": 99,
      "10": 0,
      "11": 0,
      "12": 0,
      "13": 0,
      "14": 9,
      "15": 1,
      "16": 9,
      "17": 9,
      "18": 9,
      "19": 9,
      "20": 9,
      "21": 9,
      "22": 9,
      "23": 9,
      "24": 2,
      "25": 2,
      "26": 2,
      "27": 2,
      "28": 1,
      "29": 0,
      "30": 3,
      "31": 4,
      "32": 0,
      "33": 0,
      "34": 0,
      "35": 0,
      "36": 0,
      "37": 11,
      "38": 7,
      "39": 5,
      "40": 2,
      "41": 1,
      "42": 3,
      "43": 2
    },
    "b": { "1": [1, 8], "2": [9, 0] },
    "f": {
      "1": 33,
      "2": 0,
      "3": 9,
      "4": 2,
      "5": 1,
      "6": 0,
      "7": 3,
      "8": 4,
      "9": 0,
      "10": 0,
      "11": 11,
      "12": 7,
      "13": 5,
      "14": 2,
      "15": 1,
      "16": 3,
      "17": 2
    },
    "fnMap": {
      "1": {
        "name": "constructor",
        "line": 25,
        "loc": {
          "start": { "line": 25, "column": 4 },
          "end": { "line": 46, "column": 4 }
        }
      },
      "2": {
        "name": "addAsset",
        "line": 48,
        "loc": {
          "start": { "line": 48, "column": 4 },
          "end": { "line": 58, "column": 4 }
        }
      },
      "3": {
        "name": "submitSignal",
        "line": 60,
        "loc": {
          "start": { "line": 60, "column": 4 },
          "end": { "line": 87, "column": 4 }
        }
      },
      "4": {
        "name": "_withdrawSignal",
        "line": 89,
        "loc": {
          "start": { "line": 89, "column": 4 },
          "end": { "line": 97, "column": 4 }
        }
      },
      "5": {
        "name": "withdrawSignal",
        "line": 99,
        "loc": {
          "start": { "line": 99, "column": 4 },
          "end": { "line": 104, "column": 4 }
        }
      },
      "6": {
        "name": "getUserWeight",
        "line": 106,
        "loc": {
          "start": { "line": 106, "column": 4 },
          "end": { "line": 111, "column": 4 }
        }
      },
      "7": {
        "name": "getUserSignal",
        "line": 113,
        "loc": {
          "start": { "line": 113, "column": 4 },
          "end": { "line": 118, "column": 4 }
        }
      },
      "8": {
        "name": "getMasterSignal",
        "line": 120,
        "loc": {
          "start": { "line": 120, "column": 4 },
          "end": { "line": 125, "column": 4 }
        }
      },
      "9": {
        "name": "_viewPortfolioToken",
        "line": 127,
        "loc": {
          "start": { "line": 127, "column": 4 },
          "end": { "line": 138, "column": 4 }
        }
      },
      "10": {
        "name": "_getTokensPrice",
        "line": 140,
        "loc": {
          "start": { "line": 140, "column": 4 },
          "end": { "line": 149, "column": 4 }
        }
      },
      "11": {
        "name": "_viewPortfolioMixValue",
        "line": 151,
        "loc": {
          "start": { "line": 151, "column": 4 },
          "end": { "line": 157, "column": 4 }
        }
      },
      "12": {
        "name": "_viewPortfolioAllocation",
        "line": 159,
        "loc": {
          "start": { "line": 159, "column": 4 },
          "end": { "line": 164, "column": 4 }
        }
      },
      "13": {
        "name": "signalPortfolioDiffAllovcation",
        "line": 166,
        "loc": {
          "start": { "line": 166, "column": 4 },
          "end": { "line": 176, "column": 4 }
        }
      },
      "14": {
        "name": "_signalPortfolioDiffValue",
        "line": 178,
        "loc": {
          "start": { "line": 178, "column": 4 },
          "end": { "line": 184, "column": 4 }
        }
      },
      "15": {
        "name": "_signalPortfolioDiffToken",
        "line": 186,
        "loc": {
          "start": { "line": 186, "column": 4 },
          "end": { "line": 192, "column": 4 }
        }
      },
      "16": {
        "name": "_portfolioValue",
        "line": 194,
        "loc": {
          "start": { "line": 194, "column": 4 },
          "end": { "line": 199, "column": 4 }
        }
      },
      "17": {
        "name": "_signalPortfolioDiffPercent",
        "line": 201,
        "loc": {
          "start": { "line": 201, "column": 4 },
          "end": { "line": 211, "column": 4 }
        }
      }
    },
    "statementMap": {
      "1": {
        "start": { "line": 34, "column": 8 },
        "end": { "line": 34, "column": 31 }
      },
      "2": {
        "start": { "line": 35, "column": 8 },
        "end": { "line": 35, "column": 40 }
      },
      "3": {
        "start": { "line": 36, "column": 8 },
        "end": { "line": 36, "column": 42 }
      },
      "4": {
        "start": { "line": 37, "column": 8 },
        "end": { "line": 37, "column": 23 }
      },
      "5": {
        "start": { "line": 38, "column": 8 },
        "end": { "line": 38, "column": 36 }
      },
      "6": {
        "start": { "line": 39, "column": 8 },
        "end": { "line": 39, "column": 1083 }
      },
      "7": {
        "start": { "line": 40, "column": 12 },
        "end": { "line": 40, "column": 1152 }
      },
      "8": {
        "start": { "line": 43, "column": 12 },
        "end": { "line": 43, "column": 39 }
      },
      "9": {
        "start": { "line": 44, "column": 12 },
        "end": { "line": 44, "column": 37 }
      },
      "10": {
        "start": { "line": 53, "column": 8 },
        "end": { "line": 53, "column": 33 }
      },
      "11": {
        "start": { "line": 54, "column": 8 },
        "end": { "line": 54, "column": 65 }
      },
      "12": {
        "start": { "line": 55, "column": 8 },
        "end": { "line": 55, "column": 38 }
      },
      "13": {
        "start": { "line": 56, "column": 8 },
        "end": { "line": 56, "column": 31 }
      },
      "14": {
        "start": { "line": 72, "column": 8 },
        "end": { "line": 72, "column": 2057 }
      },
      "15": {
        "start": { "line": 73, "column": 12 },
        "end": { "line": 73, "column": 38 }
      },
      "16": {
        "start": { "line": 75, "column": 8 },
        "end": { "line": 75, "column": 2150 }
      },
      "17": {
        "start": { "line": 76, "column": 12 },
        "end": { "line": 76, "column": 39 }
      },
      "18": {
        "start": { "line": 79, "column": 8 },
        "end": { "line": 79, "column": 2307 }
      },
      "19": {
        "start": { "line": 81, "column": 8 },
        "end": { "line": 81, "column": 40 }
      },
      "20": {
        "start": { "line": 82, "column": 8 },
        "end": { "line": 82, "column": 64 }
      },
      "21": {
        "start": { "line": 84, "column": 8 },
        "end": { "line": 84, "column": 60 }
      },
      "22": {
        "start": { "line": 85, "column": 8 },
        "end": { "line": 85, "column": 45 }
      },
      "23": {
        "start": { "line": 86, "column": 8 },
        "end": { "line": 86, "column": 41 }
      },
      "24": {
        "start": { "line": 93, "column": 8 },
        "end": { "line": 93, "column": 76 }
      },
      "25": {
        "start": { "line": 94, "column": 8 },
        "end": { "line": 94, "column": 48 }
      },
      "26": {
        "start": { "line": 95, "column": 8 },
        "end": { "line": 95, "column": 36 }
      },
      "27": {
        "start": { "line": 96, "column": 8 },
        "end": { "line": 96, "column": 45 }
      },
      "28": {
        "start": { "line": 103, "column": 8 },
        "end": { "line": 103, "column": 34 }
      },
      "29": {
        "start": { "line": 110, "column": 8 },
        "end": { "line": 110, "column": 37 }
      },
      "30": {
        "start": { "line": 117, "column": 8 },
        "end": { "line": 117, "column": 37 }
      },
      "31": {
        "start": { "line": 124, "column": 8 },
        "end": { "line": 124, "column": 39 }
      },
      "32": {
        "start": { "line": 137, "column": 8 },
        "end": { "line": 137, "column": 32 }
      },
      "33": {
        "start": { "line": 144, "column": 8 },
        "end": { "line": 144, "column": 67 }
      },
      "34": {
        "start": { "line": 145, "column": 8 },
        "end": { "line": 145, "column": 4088 }
      },
      "35": {
        "start": { "line": 146, "column": 12 },
        "end": { "line": 146, "column": 78 }
      },
      "36": {
        "start": { "line": 148, "column": 8 },
        "end": { "line": 148, "column": 21 }
      },
      "37": {
        "start": { "line": 156, "column": 8 },
        "end": { "line": 156, "column": 70 }
      },
      "38": {
        "start": { "line": 163, "column": 8 },
        "end": { "line": 163, "column": 51 }
      },
      "39": {
        "start": { "line": 174, "column": 8 },
        "end": { "line": 174, "column": 5059 }
      },
      "40": {
        "start": { "line": 183, "column": 8 },
        "end": { "line": 183, "column": 78 }
      },
      "41": {
        "start": { "line": 191, "column": 8 },
        "end": { "line": 191, "column": 76 }
      },
      "42": {
        "start": { "line": 198, "column": 8 },
        "end": { "line": 198, "column": 45 }
      },
      "43": {
        "start": { "line": 210, "column": 8 },
        "end": { "line": 210, "column": 63 }
      }
    },
    "branchMap": {
      "1": {
        "line": 72,
        "type": "if",
        "locations": [
          {
            "start": { "line": 72, "column": 8 },
            "end": { "line": 72, "column": 8 }
          },
          {
            "start": { "line": 72, "column": 8 },
            "end": { "line": 72, "column": 8 }
          }
        ]
      },
      "2": {
        "line": 75,
        "type": "if",
        "locations": [
          {
            "start": { "line": 75, "column": 8 },
            "end": { "line": 75, "column": 8 }
          },
          {
            "start": { "line": 75, "column": 8 },
            "end": { "line": 75, "column": 8 }
          }
        ]
      }
    }
  },
  "contracts/XPNSignalMath.sol": {
    "l": {
      "18": 41,
      "19": 41,
      "20": 41,
      "21": 2,
      "23": 39,
      "24": 115,
      "33": 11,
      "34": 11,
      "35": 31,
      "44": 14,
      "45": 14,
      "46": 40,
      "55": 24,
      "56": 24,
      "57": 70,
      "66": 4,
      "67": 4,
      "68": 10,
      "77": 50,
      "78": 50,
      "79": 145,
      "88": 16,
      "89": 16,
      "90": 45,
      "98": 147,
      "102": 57,
      "103": 57,
      "104": 168,
      "109": 48
    },
    "path": "/home/kanpizza/Documents/Sertis/Exponent/protocol/contracts/XPNSignalMath.sol",
    "s": {
      "1": 41,
      "2": 41,
      "3": 41,
      "4": 2,
      "5": 39,
      "6": 115,
      "7": 11,
      "8": 11,
      "9": 31,
      "10": 14,
      "11": 14,
      "12": 40,
      "13": 24,
      "14": 24,
      "15": 70,
      "16": 4,
      "17": 4,
      "18": 10,
      "19": 50,
      "20": 50,
      "21": 145,
      "22": 16,
      "23": 16,
      "24": 45,
      "25": 147,
      "26": 57,
      "27": 57,
      "28": 168,
      "29": 48
    },
    "b": { "1": [2, 39] },
    "f": {
      "1": 41,
      "2": 11,
      "3": 14,
      "4": 24,
      "5": 4,
      "6": 50,
      "7": 16,
      "8": 147,
      "9": 57,
      "10": 48
    },
    "fnMap": {
      "1": {
        "name": "normalize",
        "line": 13,
        "loc": {
          "start": { "line": 13, "column": 4 },
          "end": { "line": 26, "column": 4 }
        }
      },
      "2": {
        "name": "elementWiseAdd",
        "line": 28,
        "loc": {
          "start": { "line": 28, "column": 4 },
          "end": { "line": 37, "column": 4 }
        }
      },
      "3": {
        "name": "elementWiseSub",
        "line": 39,
        "loc": {
          "start": { "line": 39, "column": 4 },
          "end": { "line": 48, "column": 4 }
        }
      },
      "4": {
        "name": "elementWiseMul",
        "line": 50,
        "loc": {
          "start": { "line": 50, "column": 4 },
          "end": { "line": 59, "column": 4 }
        }
      },
      "5": {
        "name": "elementWiseDiv",
        "line": 61,
        "loc": {
          "start": { "line": 61, "column": 4 },
          "end": { "line": 70, "column": 4 }
        }
      },
      "6": {
        "name": "vectorAbs",
        "line": 72,
        "loc": {
          "start": { "line": 72, "column": 4 },
          "end": { "line": 81, "column": 4 }
        }
      },
      "7": {
        "name": "vectorScale",
        "line": 83,
        "loc": {
          "start": { "line": 83, "column": 4 },
          "end": { "line": 92, "column": 4 }
        }
      },
      "8": {
        "name": "abs",
        "line": 94,
        "loc": {
          "start": { "line": 94, "column": 4 },
          "end": { "line": 99, "column": 4 }
        }
      },
      "9": {
        "name": "sum",
        "line": 101,
        "loc": {
          "start": { "line": 101, "column": 4 },
          "end": { "line": 106, "column": 4 }
        }
      },
      "10": {
        "name": "l1Norm",
        "line": 108,
        "loc": {
          "start": { "line": 108, "column": 4 },
          "end": { "line": 110, "column": 4 }
        }
      }
    },
    "statementMap": {
      "1": {
        "start": { "line": 18, "column": 8 },
        "end": { "line": 18, "column": 41 }
      },
      "2": {
        "start": { "line": 19, "column": 8 },
        "end": { "line": 19, "column": 31 }
      },
      "3": {
        "start": { "line": 20, "column": 8 },
        "end": { "line": 20, "column": 463 }
      },
      "4": {
        "start": { "line": 21, "column": 12 },
        "end": { "line": 21, "column": 20 }
      },
      "5": {
        "start": { "line": 23, "column": 8 },
        "end": { "line": 23, "column": 520 }
      },
      "6": {
        "start": { "line": 24, "column": 12 },
        "end": { "line": 24, "column": 47 }
      },
      "7": {
        "start": { "line": 33, "column": 8 },
        "end": { "line": 33, "column": 41 }
      },
      "8": {
        "start": { "line": 34, "column": 8 },
        "end": { "line": 34, "column": 826 }
      },
      "9": {
        "start": { "line": 35, "column": 12 },
        "end": { "line": 35, "column": 39 }
      },
      "10": {
        "start": { "line": 44, "column": 8 },
        "end": { "line": 44, "column": 41 }
      },
      "11": {
        "start": { "line": 45, "column": 8 },
        "end": { "line": 45, "column": 1124 }
      },
      "12": {
        "start": { "line": 46, "column": 12 },
        "end": { "line": 46, "column": 39 }
      },
      "13": {
        "start": { "line": 55, "column": 8 },
        "end": { "line": 55, "column": 41 }
      },
      "14": {
        "start": { "line": 56, "column": 8 },
        "end": { "line": 56, "column": 1422 }
      },
      "15": {
        "start": { "line": 57, "column": 12 },
        "end": { "line": 57, "column": 47 }
      },
      "16": {
        "start": { "line": 66, "column": 8 },
        "end": { "line": 66, "column": 41 }
      },
      "17": {
        "start": { "line": 67, "column": 8 },
        "end": { "line": 67, "column": 1728 }
      },
      "18": {
        "start": { "line": 68, "column": 12 },
        "end": { "line": 68, "column": 47 }
      },
      "19": {
        "start": { "line": 77, "column": 8 },
        "end": { "line": 77, "column": 41 }
      },
      "20": {
        "start": { "line": 78, "column": 8 },
        "end": { "line": 78, "column": 2010 }
      },
      "21": {
        "start": { "line": 79, "column": 12 },
        "end": { "line": 79, "column": 35 }
      },
      "22": {
        "start": { "line": 88, "column": 8 },
        "end": { "line": 88, "column": 41 }
      },
      "23": {
        "start": { "line": 89, "column": 8 },
        "end": { "line": 89, "column": 2302 }
      },
      "24": {
        "start": { "line": 90, "column": 12 },
        "end": { "line": 90, "column": 52 }
      },
      "25": {
        "start": { "line": 98, "column": 8 },
        "end": { "line": 98, "column": 30 }
      },
      "26": {
        "start": { "line": 102, "column": 8 },
        "end": { "line": 102, "column": 17 }
      },
      "27": {
        "start": { "line": 103, "column": 8 },
        "end": { "line": 103, "column": 2676 }
      },
      "28": {
        "start": { "line": 104, "column": 12 },
        "end": { "line": 104, "column": 33 }
      },
      "29": {
        "start": { "line": 109, "column": 8 },
        "end": { "line": 109, "column": 33 }
      }
    },
    "branchMap": {
      "1": {
        "line": 20,
        "type": "if",
        "locations": [
          {
            "start": { "line": 20, "column": 8 },
            "end": { "line": 20, "column": 8 }
          },
          {
            "start": { "line": 20, "column": 8 },
            "end": { "line": 20, "column": 8 }
          }
        ]
      }
    }
  },
  "contracts/XPNSimpleSignal.sol": {
    "l": {
      "23": 20,
      "24": 1,
      "26": 19,
      "27": 19,
      "35": 3,
      "36": 2,
      "45": 11,
      "46": 10,
      "47": 10,
      "48": 10,
      "52": 0,
      "61": 0,
      "65": 0,
      "74": 9,
      "79": 7,
      "83": 0
    },
    "path": "/home/kanpizza/Documents/Sertis/Exponent/protocol/contracts/XPNSimpleSignal.sol",
    "s": {
      "1": 20,
      "2": 1,
      "3": 19,
      "4": 19,
      "5": 3,
      "6": 2,
      "7": 11,
      "8": 10,
      "9": 10,
      "10": 10,
      "11": 0,
      "12": 0,
      "13": 0,
      "14": 9,
      "15": 7,
      "16": 0
    },
    "b": { "1": [1, 19], "2": [2, 1], "3": [10, 1], "4": [0, 0], "5": [7, 2] },
    "f": { "1": 20, "2": 3, "3": 11, "4": 0, "5": 0, "6": 9, "7": 0 },
    "fnMap": {
      "1": {
        "name": "registerSignal",
        "line": 18,
        "loc": {
          "start": { "line": 18, "column": 4 },
          "end": { "line": 32, "column": 4 }
        }
      },
      "2": {
        "name": "withdrawSignal",
        "line": 34,
        "loc": {
          "start": { "line": 34, "column": 4 },
          "end": { "line": 37, "column": 4 }
        }
      },
      "3": {
        "name": "submitSignal",
        "line": 39,
        "loc": {
          "start": { "line": 39, "column": 4 },
          "end": { "line": 49, "column": 4 }
        }
      },
      "4": {
        "name": "updateSignal",
        "line": 51,
        "loc": {
          "start": { "line": 51, "column": 4 },
          "end": { "line": 53, "column": 4 }
        }
      },
      "5": {
        "name": "getSignalMeta",
        "line": 55,
        "loc": {
          "start": { "line": 55, "column": 4 },
          "end": { "line": 66, "column": 4 }
        }
      },
      "6": {
        "name": "getSignal",
        "line": 68,
        "loc": {
          "start": { "line": 68, "column": 4 },
          "end": { "line": 80, "column": 4 }
        }
      },
      "7": {
        "name": "getMetaData",
        "line": 82,
        "loc": {
          "start": { "line": 82, "column": 4 },
          "end": { "line": 84, "column": 4 }
        }
      }
    },
    "statementMap": {
      "1": {
        "start": { "line": 23, "column": 8 },
        "end": { "line": 23, "column": 645 }
      },
      "2": {
        "start": { "line": 24, "column": 12 },
        "end": { "line": 24, "column": 41 }
      },
      "3": {
        "start": { "line": 26, "column": 8 },
        "end": { "line": 26, "column": 48 }
      },
      "4": {
        "start": { "line": 27, "column": 8 },
        "end": { "line": 27, "column": 806 }
      },
      "5": {
        "start": { "line": 35, "column": 8 },
        "end": { "line": 35, "column": 69 }
      },
      "6": {
        "start": { "line": 36, "column": 8 },
        "end": { "line": 36, "column": 55 }
      },
      "7": {
        "start": { "line": 45, "column": 8 },
        "end": { "line": 45, "column": 69 }
      },
      "8": {
        "start": { "line": 46, "column": 8 },
        "end": { "line": 46, "column": 42 }
      },
      "9": {
        "start": { "line": 47, "column": 8 },
        "end": { "line": 47, "column": 41 }
      },
      "10": {
        "start": { "line": 48, "column": 8 },
        "end": { "line": 48, "column": 54 }
      },
      "11": {
        "start": { "line": 52, "column": 8 },
        "end": { "line": 52, "column": 54 }
      },
      "12": {
        "start": { "line": 61, "column": 8 },
        "end": { "line": 61, "column": 1868 }
      },
      "13": {
        "start": { "line": 65, "column": 8 },
        "end": { "line": 65, "column": 43 }
      },
      "14": {
        "start": { "line": 74, "column": 8 },
        "end": { "line": 74, "column": 2173 }
      },
      "15": {
        "start": { "line": 79, "column": 8 },
        "end": { "line": 79, "column": 40 }
      },
      "16": {
        "start": { "line": 83, "column": 8 },
        "end": { "line": 83, "column": 28 }
      }
    },
    "branchMap": {
      "1": {
        "line": 23,
        "type": "if",
        "locations": [
          {
            "start": { "line": 23, "column": 8 },
            "end": { "line": 23, "column": 8 }
          },
          {
            "start": { "line": 23, "column": 8 },
            "end": { "line": 23, "column": 8 }
          }
        ]
      },
      "2": {
        "line": 35,
        "type": "if",
        "locations": [
          {
            "start": { "line": 35, "column": 8 },
            "end": { "line": 35, "column": 8 }
          },
          {
            "start": { "line": 35, "column": 8 },
            "end": { "line": 35, "column": 8 }
          }
        ]
      },
      "3": {
        "line": 45,
        "type": "if",
        "locations": [
          {
            "start": { "line": 45, "column": 8 },
            "end": { "line": 45, "column": 8 }
          },
          {
            "start": { "line": 45, "column": 8 },
            "end": { "line": 45, "column": 8 }
          }
        ]
      },
      "4": {
        "line": 61,
        "type": "if",
        "locations": [
          {
            "start": { "line": 61, "column": 8 },
            "end": { "line": 61, "column": 8 }
          },
          {
            "start": { "line": 61, "column": 8 },
            "end": { "line": 61, "column": 8 }
          }
        ]
      },
      "5": {
        "line": 74,
        "type": "if",
        "locations": [
          {
            "start": { "line": 74, "column": 8 },
            "end": { "line": 74, "column": 8 }
          },
          {
            "start": { "line": 74, "column": 8 },
            "end": { "line": 74, "column": 8 }
          }
        ]
      }
    }
  },
  "contracts/XPNUtils.sol": {
    "l": {
      "20": 0,
      "21": 0,
      "29": 9,
      "31": 9,
      "32": 9,
      "34": 0,
      "35": 0,
      "36": 0,
      "40": 0,
      "42": 0,
      "43": 0
    },
    "path": "/home/kanpizza/Documents/Sertis/Exponent/protocol/contracts/XPNUtils.sol",
    "s": {
      "1": 0,
      "2": 0,
      "3": 9,
      "4": 9,
      "5": 9,
      "6": 0,
      "7": 0,
      "8": 0,
      "9": 0,
      "10": 0,
      "11": 0
    },
    "b": { "1": [9, 0], "2": [0, 0], "3": [0, 0] },
    "f": { "1": 0, "2": 9 },
    "fnMap": {
      "1": {
        "name": "LatestPrice",
        "line": 10,
        "loc": {
          "start": { "line": 10, "column": 4 },
          "end": { "line": 22, "column": 4 }
        }
      },
      "2": {
        "name": "checkAndPadSymbol",
        "line": 24,
        "loc": {
          "start": { "line": 24, "column": 4 },
          "end": { "line": 45, "column": 4 }
        }
      }
    },
    "statementMap": {
      "1": {
        "start": { "line": 20, "column": 8 },
        "end": { "line": 20, "column": 60 }
      },
      "2": {
        "start": { "line": 21, "column": 8 },
        "end": { "line": 21, "column": 43 }
      },
      "3": {
        "start": { "line": 29, "column": 8 },
        "end": { "line": 29, "column": 51 }
      },
      "4": {
        "start": { "line": 31, "column": 8 },
        "end": { "line": 31, "column": 998 }
      },
      "5": {
        "start": { "line": 32, "column": 12 },
        "end": { "line": 32, "column": 25 }
      },
      "6": {
        "start": { "line": 34, "column": 8 },
        "end": { "line": 34, "column": 68 }
      },
      "7": {
        "start": { "line": 35, "column": 8 },
        "end": { "line": 35, "column": 1155 }
      },
      "8": {
        "start": { "line": 36, "column": 12 },
        "end": { "line": 36, "column": 1217 }
      },
      "9": {
        "start": { "line": 40, "column": 12 },
        "end": { "line": 40, "column": 37 }
      },
      "10": {
        "start": { "line": 42, "column": 8 },
        "end": { "line": 42, "column": 1416 }
      },
      "11": {
        "start": { "line": 43, "column": 12 },
        "end": { "line": 43, "column": 29 }
      }
    },
    "branchMap": {
      "1": {
        "line": 31,
        "type": "if",
        "locations": [
          {
            "start": { "line": 31, "column": 8 },
            "end": { "line": 31, "column": 8 }
          },
          {
            "start": { "line": 31, "column": 8 },
            "end": { "line": 31, "column": 8 }
          }
        ]
      },
      "2": {
        "line": 34,
        "type": "if",
        "locations": [
          {
            "start": { "line": 34, "column": 8 },
            "end": { "line": 34, "column": 8 }
          },
          {
            "start": { "line": 34, "column": 8 },
            "end": { "line": 34, "column": 8 }
          }
        ]
      },
      "3": {
        "line": 36,
        "type": "if",
        "locations": [
          {
            "start": { "line": 36, "column": 12 },
            "end": { "line": 36, "column": 12 }
          },
          {
            "start": { "line": 36, "column": 12 },
            "end": { "line": 36, "column": 12 }
          }
        ]
      }
    }
  },
  "contracts/XPNVault.sol": {
    "l": {
      "33": 42,
      "34": 42,
      "46": 12,
      "47": 11,
      "48": 11,
      "52": 10,
      "53": 10,
      "54": 9,
      "56": 1,
      "58": 9,
      "62": 8,
      "63": 8,
      "76": 5,
      "77": 4,
      "81": 3,
      "82": 3,
      "83": 3,
      "84": 3,
      "92": 3,
      "93": 3,
      "94": 3,
      "96": 3,
      "97": 2,
      "98": 2,
      "100": 2,
      "108": 5,
      "110": 5,
      "112": 5,
      "115": 3,
      "116": 3
    },
    "path": "/home/kanpizza/Documents/Sertis/Exponent/protocol/contracts/XPNVault.sol",
    "s": {
      "1": 42,
      "2": 42,
      "3": 12,
      "4": 11,
      "5": 11,
      "6": 10,
      "7": 10,
      "8": 9,
      "9": 1,
      "10": 9,
      "11": 8,
      "12": 8,
      "13": 5,
      "14": 4,
      "15": 3,
      "16": 3,
      "17": 3,
      "18": 3,
      "19": 3,
      "20": 3,
      "21": 3,
      "22": 3,
      "23": 2,
      "24": 2,
      "25": 2,
      "26": 5,
      "27": 5,
      "28": 5,
      "29": 2,
      "30": 3,
      "31": 3
    },
    "b": {
      "1": [11, 1],
      "2": [10, 1],
      "3": [9, 1],
      "4": [8, 1],
      "5": [4, 1],
      "6": [3, 1],
      "7": [2, 1],
      "8": [2, 1],
      "9": [1, 1],
      "10": [2, 3]
    },
    "f": {
      "1": 42,
      "2": 12,
      "3": 5,
      "4": 3,
      "5": 5,
      "6": 0,
      "7": 0,
      "8": 0,
      "9": 0,
      "10": 0
    },
    "fnMap": {
      "1": {
        "name": "constructor",
        "line": 28,
        "loc": {
          "start": { "line": 28, "column": 4 },
          "end": { "line": 35, "column": 4 }
        }
      },
      "2": {
        "name": "_deposit",
        "line": 43,
        "loc": {
          "start": { "line": 41, "column": 4 },
          "end": { "line": 64, "column": 4 }
        }
      },
      "3": {
        "name": "_withdraw",
        "line": 73,
        "loc": {
          "start": { "line": 71, "column": 4 },
          "end": { "line": 85, "column": 4 }
        }
      },
      "4": {
        "name": "_redeemFees",
        "line": 89,
        "loc": {
          "start": { "line": 87, "column": 4 },
          "end": { "line": 101, "column": 4 }
        }
      },
      "5": {
        "name": "_doWithdraw",
        "line": 103,
        "loc": {
          "start": { "line": 103, "column": 4 },
          "end": { "line": 117, "column": 4 }
        }
      },
      "6": {
        "name": "_depositHook",
        "line": 121,
        "loc": {
          "start": { "line": 121, "column": 4 },
          "end": { "line": 121, "column": 79 }
        }
      },
      "7": {
        "name": "_getSharesAddress",
        "line": 123,
        "loc": {
          "start": { "line": 123, "column": 4 },
          "end": { "line": 123, "column": 69 }
        }
      },
      "8": {
        "name": "_getAdminAddress",
        "line": 125,
        "loc": {
          "start": { "line": 125, "column": 4 },
          "end": { "line": 125, "column": 68 }
        }
      },
      "9": {
        "name": "_withdrawHook",
        "line": 127,
        "loc": {
          "start": { "line": 127, "column": 4 },
          "end": { "line": 131, "column": 5 }
        }
      },
      "10": {
        "name": "_redeemFeesHook",
        "line": 133,
        "loc": {
          "start": { "line": 133, "column": 4 },
          "end": { "line": 136, "column": 5 }
        }
      }
    },
    "statementMap": {
      "1": {
        "start": { "line": 33, "column": 8 },
        "end": { "line": 33, "column": 39 }
      },
      "2": {
        "start": { "line": 34, "column": 8 },
        "end": { "line": 34, "column": 48 }
      },
      "3": {
        "start": { "line": 46, "column": 8 },
        "end": { "line": 46, "column": 58 }
      },
      "4": {
        "start": { "line": 47, "column": 8 },
        "end": { "line": 47, "column": 66 }
      },
      "5": {
        "start": { "line": 48, "column": 8 },
        "end": { "line": 48, "column": 1588 }
      },
      "6": {
        "start": { "line": 52, "column": 8 },
        "end": { "line": 52, "column": 78 }
      },
      "7": {
        "start": { "line": 53, "column": 8 },
        "end": { "line": 53, "column": 1804 }
      },
      "8": {
        "start": { "line": 54, "column": 12 },
        "end": { "line": 54, "column": 41 }
      },
      "9": {
        "start": { "line": 56, "column": 12 },
        "end": { "line": 56, "column": 48 }
      },
      "10": {
        "start": { "line": 58, "column": 8 },
        "end": { "line": 58, "column": 1945 }
      },
      "11": {
        "start": { "line": 62, "column": 8 },
        "end": { "line": 62, "column": 39 }
      },
      "12": {
        "start": { "line": 63, "column": 8 },
        "end": { "line": 63, "column": 41 }
      },
      "13": {
        "start": { "line": 76, "column": 8 },
        "end": { "line": 76, "column": 58 }
      },
      "14": {
        "start": { "line": 77, "column": 8 },
        "end": { "line": 77, "column": 2691 }
      },
      "15": {
        "start": { "line": 81, "column": 8 },
        "end": { "line": 81, "column": 40 }
      },
      "16": {
        "start": { "line": 82, "column": 8 },
        "end": { "line": 82, "column": 61 }
      },
      "17": {
        "start": { "line": 83, "column": 8 },
        "end": { "line": 83, "column": 74 }
      },
      "18": {
        "start": { "line": 84, "column": 8 },
        "end": { "line": 84, "column": 68 }
      },
      "19": {
        "start": { "line": 92, "column": 8 },
        "end": { "line": 92, "column": 42 }
      },
      "20": {
        "start": { "line": 93, "column": 8 },
        "end": { "line": 93, "column": 44 }
      },
      "21": {
        "start": { "line": 94, "column": 8 },
        "end": { "line": 94, "column": 3490 }
      },
      "22": {
        "start": { "line": 96, "column": 8 },
        "end": { "line": 96, "column": 73 }
      },
      "23": {
        "start": { "line": 97, "column": 8 },
        "end": { "line": 97, "column": 67 }
      },
      "24": {
        "start": { "line": 98, "column": 8 },
        "end": { "line": 98, "column": 3742 }
      },
      "25": {
        "start": { "line": 100, "column": 8 },
        "end": { "line": 100, "column": 56 }
      },
      "26": {
        "start": { "line": 108, "column": 8 },
        "end": { "line": 108, "column": 4002 }
      },
      "27": {
        "start": { "line": 110, "column": 12 },
        "end": { "line": 110, "column": 4242 }
      },
      "28": {
        "start": { "line": 112, "column": 12 },
        "end": { "line": 112, "column": 34 }
      },
      "29": {
        "start": { "line": 112, "column": 22 },
        "end": { "line": 112, "column": 34 }
      },
      "30": {
        "start": { "line": 115, "column": 8 },
        "end": { "line": 115, "column": 61 }
      },
      "31": {
        "start": { "line": 116, "column": 8 },
        "end": { "line": 116, "column": 19 }
      }
    },
    "branchMap": {
      "1": {
        "line": 46,
        "type": "if",
        "locations": [
          {
            "start": { "line": 46, "column": 8 },
            "end": { "line": 46, "column": 8 }
          },
          {
            "start": { "line": 46, "column": 8 },
            "end": { "line": 46, "column": 8 }
          }
        ]
      },
      "2": {
        "line": 48,
        "type": "if",
        "locations": [
          {
            "start": { "line": 48, "column": 8 },
            "end": { "line": 48, "column": 8 }
          },
          {
            "start": { "line": 48, "column": 8 },
            "end": { "line": 48, "column": 8 }
          }
        ]
      },
      "3": {
        "line": 53,
        "type": "if",
        "locations": [
          {
            "start": { "line": 53, "column": 8 },
            "end": { "line": 53, "column": 8 }
          },
          {
            "start": { "line": 53, "column": 8 },
            "end": { "line": 53, "column": 8 }
          }
        ]
      },
      "4": {
        "line": 58,
        "type": "if",
        "locations": [
          {
            "start": { "line": 58, "column": 8 },
            "end": { "line": 58, "column": 8 }
          },
          {
            "start": { "line": 58, "column": 8 },
            "end": { "line": 58, "column": 8 }
          }
        ]
      },
      "5": {
        "line": 76,
        "type": "if",
        "locations": [
          {
            "start": { "line": 76, "column": 8 },
            "end": { "line": 76, "column": 8 }
          },
          {
            "start": { "line": 76, "column": 8 },
            "end": { "line": 76, "column": 8 }
          }
        ]
      },
      "6": {
        "line": 77,
        "type": "if",
        "locations": [
          {
            "start": { "line": 77, "column": 8 },
            "end": { "line": 77, "column": 8 }
          },
          {
            "start": { "line": 77, "column": 8 },
            "end": { "line": 77, "column": 8 }
          }
        ]
      },
      "7": {
        "line": 84,
        "type": "if",
        "locations": [
          {
            "start": { "line": 84, "column": 8 },
            "end": { "line": 84, "column": 8 }
          },
          {
            "start": { "line": 84, "column": 8 },
            "end": { "line": 84, "column": 8 }
          }
        ]
      },
      "8": {
        "line": 96,
        "type": "if",
        "locations": [
          {
            "start": { "line": 96, "column": 8 },
            "end": { "line": 96, "column": 8 }
          },
          {
            "start": { "line": 96, "column": 8 },
            "end": { "line": 96, "column": 8 }
          }
        ]
      },
      "9": {
        "line": 100,
        "type": "if",
        "locations": [
          {
            "start": { "line": 100, "column": 8 },
            "end": { "line": 100, "column": 8 }
          },
          {
            "start": { "line": 100, "column": 8 },
            "end": { "line": 100, "column": 8 }
          }
        ]
      },
      "10": {
        "line": 112,
        "type": "if",
        "locations": [
          {
            "start": { "line": 112, "column": 12 },
            "end": { "line": 112, "column": 12 }
          },
          {
            "start": { "line": 112, "column": 12 },
            "end": { "line": 112, "column": 12 }
          }
        ]
      }
    }
  }
}
